[  1599.103] 
X.Org X Server 1.21.1.8
X Protocol Version 11, Revision 0
[  1599.116] Current Operating System: Linux mina-arch 6.5.2-arch1-1 #1 SMP PREEMPT_DYNAMIC Wed, 06 Sep 2023 21:01:01 +0000 x86_64
[  1599.116] Kernel command line: BOOT_IMAGE=/boot/vmlinuz-linux root=UUID=11b9d540-6e58-4bec-9fbd-ff84408bad06 rw loglevel=3 quiet
[  1599.125]  
[  1599.126] Current version of pixman: 0.42.2
[  1599.129] 	Before reporting problems, check http://wiki.x.org
	to make sure that you have the latest version.
[  1599.129] Markers: (--) probed, (**) from config file, (==) default setting,
	(++) from command line, (!!) notice, (II) informational,
	(WW) warning, (EE) error, (NI) not implemented, (??) unknown.
[  1599.139] (==) Log file: "/home/mina/.local/share/xorg/Xorg.0.log", Time: Wed Sep 13 16:58:43 2023
[  1599.143] (==) Using system config directory "/usr/share/X11/xorg.conf.d"
[  1599.143] (==) No Layout section.  Using the first Screen section.
[  1599.143] (==) No screen section available. Using defaults.
[  1599.143] (**) |-->Screen "Default Screen Section" (0)
[  1599.143] (**) |   |-->Monitor "<default monitor>"
[  1599.144] (==) No monitor specified for screen "Default Screen Section".
	Using a default monitor configuration.
[  1599.144] (==) Automatically adding devices
[  1599.144] (==) Automatically enabling devices
[  1599.144] (==) Automatically adding GPU devices
[  1599.144] (==) Automatically binding GPU devices
[  1599.144] (==) Max clients allowed: 256, resource mask: 0x1fffff
[  1599.144] (WW) The directory "/usr/share/fonts/misc" does not exist.
[  1599.144] 	Entry deleted from font path.
[  1599.144] (WW) The directory "/usr/share/fonts/TTF" does not exist.
[  1599.144] 	Entry deleted from font path.
[  1599.144] (WW) The directory "/usr/share/fonts/OTF" does not exist.
[  1599.144] 	Entry deleted from font path.
[  1599.144] (WW) The directory "/usr/share/fonts/Type1" does not exist.
[  1599.144] 	Entry deleted from font path.
[  1599.144] (WW) The directory "/usr/share/fonts/100dpi" does not exist.
[  1599.144] 	Entry deleted from font path.
[  1599.144] (WW) The directory "/usr/share/fonts/75dpi" does not exist.
[  1599.144] 	Entry deleted from font path.
[  1599.144] (==) FontPath set to:
	
[  1599.144] (==) ModulePath set to "/usr/lib/xorg/modules"
[  1599.144] (II) The server relies on udev to provide the list of input devices.
	If no devices become available, reconfigure udev or disable AutoAddDevices.
[  1599.144] (II) Module ABI versions:
[  1599.144] 	X.Org ANSI C Emulation: 0.4
[  1599.144] 	X.Org Video Driver: 25.2
[  1599.144] 	X.Org XInput driver : 24.4
[  1599.144] 	X.Org Server Extension : 10.0
[  1599.145] (++) using VT number 1

[  1599.146] (II) systemd-logind: took control of session /org/freedesktop/login1/session/_31
[  1599.147] (II) xfree86: Adding drm device (/dev/dri/card1)
[  1599.147] (II) Platform probe for /sys/devices/pci0000:00/0000:00:01.1/0000:01:00.0/drm/card1
[  1599.147] (II) systemd-logind: got fd for /dev/dri/card1 226:1 fd 13 paused 0
[  1599.148] (II) xfree86: Adding drm device (/dev/dri/card2)
[  1599.148] (II) Platform probe for /sys/devices/pci0000:00/0000:00:08.1/0000:05:00.0/drm/card2
[  1599.148] (II) systemd-logind: got fd for /dev/dri/card2 226:2 fd 14 paused 0
[  1599.152] (--) PCI: (1@0:0:0) 10de:1f99:17aa:3a45 rev 161, Mem @ 0xd0000000/16777216, 0xfc80000000/268435456, 0xfc90000000/33554432, I/O @ 0x00004000/128, BIOS @ 0x????????/524288
[  1599.152] (--) PCI:*(5@0:0:0) 1002:1636:17aa:3a45 rev 198, Mem @ 0xfca0000000/268435456, 0xfcb0000000/2097152, 0xd1500000/524288, I/O @ 0x00001000/256
[  1599.153] (WW) Open ACPI failed (/var/run/acpid.socket) (No such file or directory)
[  1599.153] (II) LoadModule: "glx"
[  1599.153] (II) Loading /usr/lib/xorg/modules/extensions/libglx.so
[  1599.154] (II) Module glx: vendor="X.Org Foundation"
[  1599.154] 	compiled for 1.21.1.8, module version = 1.0.0
[  1599.154] 	ABI class: X.Org Server Extension, version 10.0
[  1599.154] (==) Matched ati as autoconfigured driver 0
[  1599.154] (==) Matched nouveau as autoconfigured driver 1
[  1599.154] (==) Matched nv as autoconfigured driver 2
[  1599.154] (==) Matched modesetting as autoconfigured driver 3
[  1599.154] (==) Matched fbdev as autoconfigured driver 4
[  1599.154] (==) Matched vesa as autoconfigured driver 5
[  1599.154] (==) Assigned the driver to the xf86ConfigLayout
[  1599.154] (II) LoadModule: "ati"
[  1599.154] (WW) Warning, couldn't open module ati
[  1599.154] (EE) Failed to load module "ati" (module does not exist, 0)
[  1599.154] (II) LoadModule: "nouveau"
[  1599.154] (WW) Warning, couldn't open module nouveau
[  1599.154] (EE) Failed to load module "nouveau" (module does not exist, 0)
[  1599.154] (II) LoadModule: "nv"
[  1599.154] (WW) Warning, couldn't open module nv
[  1599.154] (EE) Failed to load module "nv" (module does not exist, 0)
[  1599.154] (II) LoadModule: "modesetting"
[  1599.154] (II) Loading /usr/lib/xorg/modules/drivers/modesetting_drv.so
[  1599.154] (II) Module modesetting: vendor="X.Org Foundation"
[  1599.154] 	compiled for 1.21.1.8, module version = 1.21.1
[  1599.154] 	Module class: X.Org Video Driver
[  1599.154] 	ABI class: X.Org Video Driver, version 25.2
[  1599.154] (II) LoadModule: "fbdev"
[  1599.155] (WW) Warning, couldn't open module fbdev
[  1599.155] (EE) Failed to load module "fbdev" (module does not exist, 0)
[  1599.155] (II) LoadModule: "vesa"
[  1599.155] (WW) Warning, couldn't open module vesa
[  1599.155] (EE) Failed to load module "vesa" (module does not exist, 0)
[  1599.155] (II) modesetting: Driver for Modesetting Kernel Drivers: kms
[  1599.155] (II) modeset(0): using drv /dev/dri/card2
[  1599.155] (II) modeset(G0): using drv /dev/dri/card1
[  1599.155] (WW) VGA arbiter: cannot open kernel arbiter, no multi-card support
[  1599.155] (II) modeset(0): Creating default Display subsection in Screen section
	"Default Screen Section" for depth/fbbpp 24/32
[  1599.155] (==) modeset(0): Depth 24, (==) framebuffer bpp 32
[  1599.155] (==) modeset(0): RGB weight 888
[  1599.155] (==) modeset(0): Default visual is TrueColor
[  1599.155] (II) Loading sub module "glamoregl"
[  1599.155] (II) LoadModule: "glamoregl"
[  1599.155] (II) Loading /usr/lib/xorg/modules/libglamoregl.so
[  1599.157] (II) Module glamoregl: vendor="X.Org Foundation"
[  1599.157] 	compiled for 1.21.1.8, module version = 1.0.1
[  1599.157] 	ABI class: X.Org ANSI C Emulation, version 0.4
[  1600.688] (II) modeset(0): glamor X acceleration enabled on AMD Radeon Graphics (renoir, LLVM 16.0.6, DRM 3.54, 6.5.2-arch1-1)
[  1600.688] (II) modeset(0): glamor initialized
[  1600.688] (==) modeset(0): VariableRefresh: disabled
[  1600.688] (==) modeset(0): AsyncFlipSecondaries: disabled
[  1600.691] (II) modeset(0): Output eDP-1 has no monitor section
[  1600.694] (II) modeset(0): EDID for output eDP-1
[  1600.694] (II) modeset(0): Manufacturer: BOE  Model: 8e8  Serial#: 0
[  1600.694] (II) modeset(0): Year: 2019  Week: 37
[  1600.694] (II) modeset(0): EDID Version: 1.4
[  1600.694] (II) modeset(0): Digital Display Input
[  1600.694] (II) modeset(0): 8 bits per channel
[  1600.694] (II) modeset(0): Digital interface is DisplayPort
[  1600.694] (II) modeset(0): Max Image Size [cm]: horiz.: 34  vert.: 19
[  1600.694] (II) modeset(0): Gamma: 2.20
[  1600.694] (II) modeset(0): No DPMS capabilities specified
[  1600.694] (II) modeset(0): Supported color encodings: RGB 4:4:4 
[  1600.694] (II) modeset(0): Default color space is primary color space
[  1600.694] (II) modeset(0): First detailed timing is preferred mode
[  1600.694] (II) modeset(0): Preferred mode is native pixel format and refresh rate
[  1600.694] (II) modeset(0): Display is continuous-frequency
[  1600.694] (II) modeset(0): redX: 0.653 redY: 0.329   greenX: 0.298 greenY: 0.605
[  1600.694] (II) modeset(0): blueX: 0.150 blueY: 0.061   whiteX: 0.313 whiteY: 0.329
[  1600.694] (II) modeset(0): Manufacturer's mask: 0
[  1600.694] (II) modeset(0): Supported detailed timing:
[  1600.694] (II) modeset(0): clock: 310.5 MHz   Image Size:  344 x 194 mm
[  1600.694] (II) modeset(0): h_active: 1920  h_sync: 1968  h_sync_end 2000 h_blank_end 2200 h_border: 0
[  1600.694] (II) modeset(0): v_active: 1080  v_sync: 1083  v_sync_end 1089 v_blanking: 1176 v_border: 0
[  1600.694] (II) modeset(0):  BOE CQ
[  1600.694] (II) modeset(0):  NV156FHM-NX1
[  1600.694] (II) modeset(0): EDID (in hex):
[  1600.694] (II) modeset(0): 	00ffffffffffff0009e5e80800000000
[  1600.694] (II) modeset(0): 	251d0104a52213780754a5a7544c9b26
[  1600.694] (II) modeset(0): 	0f505400000001010101010101010101
[  1600.694] (II) modeset(0): 	01010101010147798018713860403020
[  1600.694] (II) modeset(0): 	360058c21000001a0000000000000000
[  1600.694] (II) modeset(0): 	00000000000000000000000000fe0042
[  1600.694] (II) modeset(0): 	4f452043510a202020202020000000fe
[  1600.694] (II) modeset(0): 	004e5631353646484d2d4e58310a00e0
[  1600.694] (II) modeset(0): Printing probed modes for output eDP-1
[  1600.694] (II) modeset(0): Modeline "1920x1080"x120.0  310.47  1920 1968 2000 2200  1080 1083 1089 1176 +hsync -vsync (141.1 kHz eP)
[  1600.694] (II) modeset(0): Modeline "1920x1080"x120.0  356.38  1920 2080 2288 2656  1080 1081 1084 1118 doublescan -hsync +vsync (134.2 kHz d)
[  1600.694] (II) modeset(0): Modeline "1920x1080"x119.9  266.50  1920 1944 1960 2000  1080 1081 1084 1111 doublescan +hsync -vsync (133.2 kHz d)
[  1600.694] (II) modeset(0): Modeline "1920x1080"x60.0  173.00  1920 2048 2248 2576  1080 1083 1088 1120 -hsync +vsync (67.2 kHz d)
[  1600.694] (II) modeset(0): Modeline "1920x1080"x59.9  138.50  1920 1968 2000 2080  1080 1083 1088 1111 +hsync -vsync (66.6 kHz d)
[  1600.694] (II) modeset(0): Modeline "1680x1050"x120.0  310.47  1680 1968 2000 2200  1050 1083 1089 1176 +hsync -vsync (141.1 kHz e)
[  1600.694] (II) modeset(0): Modeline "1680x1050"x60.0  146.25  1680 1784 1960 2240  1050 1053 1059 1089 -hsync +vsync (65.3 kHz d)
[  1600.694] (II) modeset(0): Modeline "1680x1050"x59.9  119.00  1680 1728 1760 1840  1050 1053 1059 1080 +hsync -vsync (64.7 kHz d)
[  1600.694] (II) modeset(0): Modeline "1400x1050"x74.8  155.80  1400 1464 1784 1912  1050 1052 1064 1090 +hsync +vsync (81.5 kHz d)
[  1600.694] (II) modeset(0): Modeline "1400x1050"x60.0  122.00  1400 1488 1640 1880  1050 1052 1064 1082 +hsync +vsync (64.9 kHz d)
[  1600.694] (II) modeset(0): Modeline "1600x900"x120.0  246.00  1600 1728 1900 2200  900 901 904 932 doublescan -hsync +vsync (111.8 kHz d)
[  1600.694] (II) modeset(0): Modeline "1600x900"x119.9  186.50  1600 1624 1640 1680  900 901 904 926 doublescan +hsync -vsync (111.0 kHz d)
[  1600.694] (II) modeset(0): Modeline "1600x900"x59.9  118.25  1600 1696 1856 2112  900 903 908 934 -hsync +vsync (56.0 kHz d)
[  1600.694] (II) modeset(0): Modeline "1600x900"x59.8   97.50  1600 1648 1680 1760  900 903 908 926 +hsync -vsync (55.4 kHz d)
[  1600.694] (II) modeset(0): Modeline "1280x1024"x120.0  310.47  1280 1968 2000 2200  1024 1083 1089 1176 +hsync -vsync (141.1 kHz e)
[  1600.694] (II) modeset(0): Modeline "1280x1024"x85.0  157.50  1280 1344 1504 1728  1024 1025 1028 1072 +hsync +vsync (91.1 kHz d)
[  1600.694] (II) modeset(0): Modeline "1280x1024"x75.0  135.00  1280 1296 1440 1688  1024 1025 1028 1066 +hsync +vsync (80.0 kHz d)
[  1600.694] (II) modeset(0): Modeline "1280x1024"x60.0  108.00  1280 1328 1440 1688  1024 1025 1028 1066 +hsync +vsync (64.0 kHz d)
[  1600.694] (II) modeset(0): Modeline "1440x900"x120.0  310.47  1440 1968 2000 2200  900 1083 1089 1176 +hsync -vsync (141.1 kHz e)
[  1600.694] (II) modeset(0): Modeline "1400x900"x60.0  103.50  1400 1480 1624 1848  900 903 913 934 -hsync +vsync (56.0 kHz d)
[  1600.694] (II) modeset(0): Modeline "1400x900"x59.9   86.50  1400 1448 1480 1560  900 903 913 926 +hsync -vsync (55.4 kHz d)
[  1600.694] (II) modeset(0): Modeline "1280x960"x85.0  148.50  1280 1344 1504 1728  960 961 964 1011 +hsync +vsync (85.9 kHz d)
[  1600.694] (II) modeset(0): Modeline "1280x960"x60.0  108.00  1280 1376 1488 1800  960 961 964 1000 +hsync +vsync (60.0 kHz d)
[  1600.695] (II) modeset(0): Modeline "1440x810"x120.0  198.12  1440 1548 1704 1968  810 811 814 839 doublescan -hsync +vsync (100.7 kHz d)
[  1600.695] (II) modeset(0): Modeline "1440x810"x119.9  151.88  1440 1464 1480 1520  810 811 814 833 doublescan +hsync -vsync (99.9 kHz d)
[  1600.695] (II) modeset(0): Modeline "1368x768"x59.9   85.25  1368 1440 1576 1784  768 771 781 798 -hsync +vsync (47.8 kHz d)
[  1600.695] (II) modeset(0): Modeline "1368x768"x59.9   72.25  1368 1416 1448 1528  768 771 781 790 +hsync -vsync (47.3 kHz d)
[  1600.695] (II) modeset(0): Modeline "1280x800"x120.0  310.47  1280 1968 2000 2200  800 1083 1089 1176 +hsync -vsync (141.1 kHz e)
[  1600.695] (II) modeset(0): Modeline "1280x800"x120.0  174.25  1280 1380 1516 1752  800 801 804 829 doublescan -hsync +vsync (99.5 kHz d)
[  1600.695] (II) modeset(0): Modeline "1280x800"x119.9  134.25  1280 1304 1320 1360  800 801 804 823 doublescan +hsync -vsync (98.7 kHz d)
[  1600.695] (II) modeset(0): Modeline "1280x800"x59.8   83.50  1280 1352 1480 1680  800 803 809 831 -hsync +vsync (49.7 kHz d)
[  1600.695] (II) modeset(0): Modeline "1280x800"x59.9   71.00  1280 1328 1360 1440  800 803 809 823 +hsync -vsync (49.3 kHz d)
[  1600.695] (II) modeset(0): Modeline "1152x864"x75.0  108.00  1152 1216 1344 1600  864 865 868 900 +hsync +vsync (67.5 kHz d)
[  1600.695] (II) modeset(0): Modeline "1280x720"x120.0  310.47  1280 1968 2000 2200  720 1083 1089 1176 +hsync -vsync (141.1 kHz e)
[  1600.695] (II) modeset(0): Modeline "1280x720"x120.0  156.12  1280 1376 1512 1744  720 721 724 746 doublescan -hsync +vsync (89.5 kHz d)
[  1600.695] (II) modeset(0): Modeline "1280x720"x120.0  120.75  1280 1304 1320 1360  720 721 724 740 doublescan +hsync -vsync (88.8 kHz d)
[  1600.695] (II) modeset(0): Modeline "1280x720"x59.9   74.50  1280 1344 1472 1664  720 723 728 748 -hsync +vsync (44.8 kHz d)
[  1600.695] (II) modeset(0): Modeline "1280x720"x59.7   63.75  1280 1328 1360 1440  720 723 728 741 +hsync -vsync (44.3 kHz d)
[  1600.695] (II) modeset(0): Modeline "1024x768"x120.0  310.47  1024 1968 2000 2200  768 1083 1089 1176 +hsync -vsync (141.1 kHz e)
[  1600.695] (II) modeset(0): Modeline "1024x768"x170.0  194.02  1024 1108 1220 1416  768 768 770 806 doublescan -hsync +vsync (137.0 kHz d)
[  1600.695] (II) modeset(0): Modeline "1024x768"x150.1  170.24  1024 1108 1220 1416  768 768 770 801 doublescan -hsync +vsync (120.2 kHz d)
[  1600.695] (II) modeset(0): Modeline "1024x768"x120.1  133.47  1024 1100 1212 1400  768 768 770 794 doublescan -hsync +vsync (95.3 kHz d)
[  1600.695] (II) modeset(0): Modeline "1024x768"x85.0   94.50  1024 1072 1168 1376  768 769 772 808 +hsync +vsync (68.7 kHz d)
[  1600.695] (II) modeset(0): Modeline "1024x768"x75.0   78.75  1024 1040 1136 1312  768 769 772 800 +hsync +vsync (60.0 kHz d)
[  1600.695] (II) modeset(0): Modeline "1024x768"x70.1   75.00  1024 1048 1184 1328  768 771 777 806 -hsync -vsync (56.5 kHz d)
[  1600.695] (II) modeset(0): Modeline "1024x768"x60.0   65.00  1024 1048 1184 1344  768 771 777 806 -hsync -vsync (48.4 kHz d)
[  1600.695] (II) modeset(0): Modeline "1024x768i"x43.5   44.90  1024 1032 1208 1264  768 768 776 817 interlace +hsync +vsync (35.5 kHz d)
[  1600.695] (II) modeset(0): Modeline "960x720"x170.0  170.68  960 1036 1144 1328  720 720 722 756 doublescan -hsync +vsync (128.5 kHz d)
[  1600.695] (II) modeset(0): Modeline "960x720"x150.0  148.50  960 1032 1144 1320  720 720 722 750 doublescan -hsync +vsync (112.5 kHz d)
[  1600.695] (II) modeset(0): Modeline "960x720"x120.0  117.00  960 1024 1128 1300  720 720 722 750 doublescan -hsync +vsync (90.0 kHz d)
[  1600.695] (II) modeset(0): Modeline "928x696"x150.0  144.00  928 992 1104 1280  696 696 698 750 doublescan -hsync +vsync (112.5 kHz d)
[  1600.695] (II) modeset(0): Modeline "928x696"x120.1  109.15  928 976 1088 1264  696 696 698 719 doublescan -hsync +vsync (86.4 kHz d)
[  1600.695] (II) modeset(0): Modeline "896x672"x150.1  130.50  896 944 1052 1228  672 672 674 708 doublescan -hsync +vsync (106.3 kHz d)
[  1600.695] (II) modeset(0): Modeline "896x672"x120.0  102.40  896 960 1060 1224  672 672 674 697 doublescan -hsync +vsync (83.7 kHz d)
[  1600.695] (II) modeset(0): Modeline "1024x576"x119.9   98.50  1024 1092 1200 1376  576 577 580 597 doublescan -hsync +vsync (71.6 kHz d)
[  1600.695] (II) modeset(0): Modeline "1024x576"x119.9   78.38  1024 1048 1064 1104  576 577 580 592 doublescan +hsync -vsync (71.0 kHz d)
[  1600.695] (II) modeset(0): Modeline "1024x576"x59.9   46.50  1024 1064 1160 1296  576 579 584 599 -hsync +vsync (35.9 kHz d)
[  1600.695] (II) modeset(0): Modeline "1024x576"x59.8   42.00  1024 1072 1104 1184  576 579 584 593 +hsync -vsync (35.5 kHz d)
[  1600.695] (II) modeset(0): Modeline "960x600"x119.9   96.62  960 1028 1128 1296  600 601 604 622 doublescan -hsync +vsync (74.6 kHz d)
[  1600.695] (II) modeset(0): Modeline "960x600"x120.0   77.00  960 984 1000 1040  600 601 604 617 doublescan +hsync -vsync (74.0 kHz d)
[  1600.695] (II) modeset(0): Modeline "832x624"x74.6   57.28  832 864 928 1152  624 625 628 667 -hsync -vsync (49.7 kHz d)
[  1600.695] (II) modeset(0): Modeline "960x540"x119.9   86.50  960 1024 1124 1288  540 541 544 560 doublescan -hsync +vsync (67.2 kHz d)
[  1600.695] (II) modeset(0): Modeline "960x540"x120.0   69.25  960 984 1000 1040  540 541 544 555 doublescan +hsync -vsync (66.6 kHz d)
[  1600.695] (II) modeset(0): Modeline "960x540"x59.6   40.75  960 992 1088 1216  540 543 548 562 -hsync +vsync (33.5 kHz d)
[  1600.695] (II) modeset(0): Modeline "960x540"x59.8   37.25  960 1008 1040 1120  540 543 548 556 +hsync -vsync (33.3 kHz d)
[  1600.695] (II) modeset(0): Modeline "800x600"x120.0  310.47  800 1968 2000 2200  600 1083 1089 1176 +hsync -vsync (141.1 kHz e)
[  1600.695] (II) modeset(0): Modeline "800x600"x170.0  114.75  800 832 928 1080  600 600 602 625 doublescan +hsync +vsync (106.2 kHz d)
[  1600.695] (II) modeset(0): Modeline "800x600"x150.0  101.25  800 832 928 1080  600 600 602 625 doublescan +hsync +vsync (93.8 kHz d)
[  1600.695] (II) modeset(0): Modeline "800x600"x140.0   94.50  800 832 928 1080  600 600 602 625 doublescan +hsync +vsync (87.5 kHz d)
[  1600.695] (II) modeset(0): Modeline "800x600"x130.0   87.75  800 832 928 1080  600 600 602 625 doublescan +hsync +vsync (81.2 kHz d)
[  1600.695] (II) modeset(0): Modeline "800x600"x120.0   81.00  800 832 928 1080  600 600 602 625 doublescan +hsync +vsync (75.0 kHz d)
[  1600.695] (II) modeset(0): Modeline "800x600"x85.1   56.30  800 832 896 1048  600 601 604 631 +hsync +vsync (53.7 kHz d)
[  1600.695] (II) modeset(0): Modeline "800x600"x72.2   50.00  800 856 976 1040  600 637 643 666 +hsync +vsync (48.1 kHz d)
[  1600.695] (II) modeset(0): Modeline "800x600"x75.0   49.50  800 816 896 1056  600 601 604 625 +hsync +vsync (46.9 kHz d)
[  1600.695] (II) modeset(0): Modeline "800x600"x60.3   40.00  800 840 968 1056  600 601 605 628 +hsync +vsync (37.9 kHz d)
[  1600.695] (II) modeset(0): Modeline "800x600"x56.2   36.00  800 824 896 1024  600 601 603 625 +hsync +vsync (35.2 kHz d)
[  1600.695] (II) modeset(0): Modeline "840x525"x120.0   73.12  840 892 980 1120  525 526 529 544 doublescan -hsync +vsync (65.3 kHz d)
[  1600.695] (II) modeset(0): Modeline "840x525"x119.8   59.50  840 864 880 920  525 526 529 540 doublescan +hsync -vsync (64.7 kHz d)
[  1600.695] (II) modeset(0): Modeline "864x486"x59.9   32.50  864 888 968 1072  486 489 494 506 -hsync +vsync (30.3 kHz d)
[  1600.695] (II) modeset(0): Modeline "864x486"x59.6   30.50  864 912 944 1024  486 489 494 500 +hsync -vsync (29.8 kHz d)
[  1600.695] (II) modeset(0): Modeline "700x525"x149.5   77.90  700 732 892 956  525 526 532 545 doublescan +hsync +vsync (81.5 kHz d)
[  1600.695] (II) modeset(0): Modeline "700x525"x120.0   61.00  700 744 820 940  525 526 532 541 doublescan +hsync +vsync (64.9 kHz d)
[  1600.695] (II) modeset(0): Modeline "800x450"x119.9   59.12  800 848 928 1056  450 451 454 467 doublescan -hsync +vsync (56.0 kHz d)
[  1600.695] (II) modeset(0): Modeline "800x450"x119.6   48.75  800 824 840 880  450 451 454 463 doublescan +hsync -vsync (55.4 kHz d)
[  1600.695] (II) modeset(0): Modeline "640x512"x170.0   78.75  640 672 752 864  512 512 514 536 doublescan +hsync +vsync (91.1 kHz d)
[  1600.695] (II) modeset(0): Modeline "640x512"x150.0   67.50  640 648 720 844  512 512 514 533 doublescan +hsync +vsync (80.0 kHz d)
[  1600.695] (II) modeset(0): Modeline "640x512"x120.0   54.00  640 664 720 844  512 512 514 533 doublescan +hsync +vsync (64.0 kHz d)
[  1600.695] (II) modeset(0): Modeline "700x450"x119.9   51.75  700 740 812 924  450 451 456 467 doublescan -hsync +vsync (56.0 kHz d)
[  1600.695] (II) modeset(0): Modeline "700x450"x119.8   43.25  700 724 740 780  450 451 456 463 doublescan +hsync -vsync (55.4 kHz d)
[  1600.695] (II) modeset(0): Modeline "640x480"x120.0  310.47  640 1968 2000 2200  480 1083 1089 1176 +hsync -vsync (141.1 kHz e)
[  1600.695] (II) modeset(0): Modeline "640x480"x170.2   74.25  640 672 752 864  480 480 482 505 doublescan +hsync +vsync (85.9 kHz d)
[  1600.695] (II) modeset(0): Modeline "640x480"x120.0   54.00  640 688 744 900  480 480 482 500 doublescan +hsync +vsync (60.0 kHz d)
[  1600.695] (II) modeset(0): Modeline "640x480"x85.0   36.00  640 696 752 832  480 481 484 509 -hsync -vsync (43.3 kHz d)
[  1600.695] (II) modeset(0): Modeline "640x480"x72.8   31.50  640 664 704 832  480 489 492 520 -hsync -vsync (37.9 kHz d)
[  1600.695] (II) modeset(0): Modeline "640x480"x75.0   31.50  640 656 720 840  480 481 484 500 -hsync -vsync (37.5 kHz d)
[  1600.695] (II) modeset(0): Modeline "640x480"x59.9   25.18  640 656 752 800  480 490 492 525 -hsync -vsync (31.5 kHz d)
[  1600.695] (II) modeset(0): Modeline "720x405"x59.5   22.50  720 744 808 896  405 408 413 422 -hsync +vsync (25.1 kHz d)
[  1600.695] (II) modeset(0): Modeline "720x405"x59.0   21.75  720 768 800 880  405 408 413 419 +hsync -vsync (24.7 kHz d)
[  1600.695] (II) modeset(0): Modeline "720x400"x85.0   35.50  720 756 828 936  400 401 404 446 -hsync +vsync (37.9 kHz d)
[  1600.695] (II) modeset(0): Modeline "684x384"x119.8   42.62  684 720 788 892  384 385 390 399 doublescan -hsync +vsync (47.8 kHz d)
[  1600.695] (II) modeset(0): Modeline "684x384"x119.7   36.12  684 708 724 764  384 385 390 395 doublescan +hsync -vsync (47.3 kHz d)
[  1600.695] (II) modeset(0): Modeline "640x400"x119.8   41.75  640 676 740 840  400 401 404 415 doublescan -hsync +vsync (49.7 kHz d)
[  1600.695] (II) modeset(0): Modeline "640x400"x120.0   35.50  640 664 680 720  400 401 404 411 doublescan +hsync -vsync (49.3 kHz d)
[  1600.695] (II) modeset(0): Modeline "640x400"x85.1   31.50  640 672 736 832  400 401 404 445 -hsync +vsync (37.9 kHz d)
[  1600.695] (II) modeset(0): Modeline "576x432"x150.0   54.00  576 608 672 800  432 432 434 450 doublescan +hsync +vsync (67.5 kHz d)
[  1600.695] (II) modeset(0): Modeline "640x360"x119.7   37.25  640 672 736 832  360 361 364 374 doublescan -hsync +vsync (44.8 kHz d)
[  1600.695] (II) modeset(0): Modeline "640x360"x119.7   31.88  640 664 680 720  360 361 364 370 doublescan +hsync -vsync (44.3 kHz d)
[  1600.695] (II) modeset(0): Modeline "640x360"x59.8   18.00  640 664 720 800  360 363 368 376 -hsync +vsync (22.5 kHz d)
[  1600.695] (II) modeset(0): Modeline "640x360"x59.3   17.75  640 688 720 800  360 363 368 374 +hsync -vsync (22.2 kHz d)
[  1600.695] (II) modeset(0): Modeline "640x350"x85.1   31.50  640 672 736 832  350 382 385 445 +hsync -vsync (37.9 kHz d)
[  1600.695] (II) modeset(0): Modeline "512x384"x170.0   47.25  512 536 584 688  384 384 386 404 doublescan +hsync +vsync (68.7 kHz d)
[  1600.695] (II) modeset(0): Modeline "512x384"x150.1   39.38  512 520 568 656  384 384 386 400 doublescan +hsync +vsync (60.0 kHz d)
[  1600.695] (II) modeset(0): Modeline "512x384"x140.1   37.50  512 524 592 664  384 385 388 403 doublescan -hsync -vsync (56.5 kHz d)
[  1600.695] (II) modeset(0): Modeline "512x384"x120.0   32.50  512 524 592 672  384 385 388 403 doublescan -hsync -vsync (48.4 kHz d)
[  1600.695] (II) modeset(0): Modeline "512x384i"x87.1   22.45  512 516 604 632  384 384 388 408 interlace doublescan +hsync +vsync (35.5 kHz d)
[  1600.695] (II) modeset(0): Modeline "512x288"x120.0   23.25  512 532 580 648  288 289 292 299 doublescan -hsync +vsync (35.9 kHz d)
[  1600.695] (II) modeset(0): Modeline "512x288"x119.8   21.00  512 536 552 592  288 289 292 296 doublescan +hsync -vsync (35.5 kHz d)
[  1600.695] (II) modeset(0): Modeline "416x312"x149.3   28.64  416 432 464 576  312 312 314 333 doublescan -hsync -vsync (49.7 kHz d)
[  1600.695] (II) modeset(0): Modeline "480x270"x119.3   20.38  480 496 544 608  270 271 274 281 doublescan -hsync +vsync (33.5 kHz d)
[  1600.695] (II) modeset(0): Modeline "480x270"x119.6   18.62  480 504 520 560  270 271 274 278 doublescan +hsync -vsync (33.3 kHz d)
[  1600.695] (II) modeset(0): Modeline "400x300"x170.5   28.15  400 416 448 524  300 300 302 315 doublescan +hsync +vsync (53.7 kHz d)
[  1600.695] (II) modeset(0): Modeline "400x300"x144.4   25.00  400 428 488 520  300 318 321 333 doublescan +hsync +vsync (48.1 kHz d)
[  1600.695] (II) modeset(0): Modeline "400x300"x150.2   24.75  400 408 448 528  300 300 302 312 doublescan +hsync +vsync (46.9 kHz d)
[  1600.695] (II) modeset(0): Modeline "400x300"x120.6   20.00  400 420 484 528  300 300 302 314 doublescan +hsync +vsync (37.9 kHz d)
[  1600.695] (II) modeset(0): Modeline "400x300"x112.7   18.00  400 412 448 512  300 300 301 312 doublescan +hsync +vsync (35.2 kHz d)
[  1600.695] (II) modeset(0): Modeline "432x243"x119.8   16.25  432 444 484 536  243 244 247 253 doublescan -hsync +vsync (30.3 kHz d)
[  1600.695] (II) modeset(0): Modeline "432x243"x119.1   15.25  432 456 472 512  243 244 247 250 doublescan +hsync -vsync (29.8 kHz d)
[  1600.695] (II) modeset(0): Modeline "320x240"x170.4   18.00  320 348 376 416  240 240 242 254 doublescan -hsync -vsync (43.3 kHz d)
[  1600.695] (II) modeset(0): Modeline "320x240"x145.6   15.75  320 332 352 416  240 244 246 260 doublescan -hsync -vsync (37.9 kHz d)
[  1600.695] (II) modeset(0): Modeline "320x240"x150.0   15.75  320 328 360 420  240 240 242 250 doublescan -hsync -vsync (37.5 kHz d)
[  1600.695] (II) modeset(0): Modeline "320x240"x120.1   12.59  320 328 376 400  240 245 246 262 doublescan -hsync -vsync (31.5 kHz d)
[  1600.695] (II) modeset(0): Modeline "360x202"x119.0   11.25  360 372 404 448  202 204 206 211 doublescan -hsync +vsync (25.1 kHz d)
[  1600.695] (II) modeset(0): Modeline "360x202"x118.3   10.88  360 384 400 440  202 204 206 209 doublescan +hsync -vsync (24.7 kHz d)
[  1600.695] (II) modeset(0): Modeline "360x200"x170.1   17.75  360 378 414 468  200 200 202 223 doublescan -hsync +vsync (37.9 kHz d)
[  1600.695] (II) modeset(0): Modeline "320x200"x170.5   15.75  320 336 368 416  200 200 202 222 doublescan -hsync +vsync (37.9 kHz d)
[  1600.695] (II) modeset(0): Modeline "320x180"x119.7    9.00  320 332 360 400  180 181 184 188 doublescan -hsync +vsync (22.5 kHz d)
[  1600.695] (II) modeset(0): Modeline "320x180"x118.6    8.88  320 344 360 400  180 181 184 187 doublescan +hsync -vsync (22.2 kHz d)
[  1600.695] (II) modeset(0): Modeline "320x175"x170.5   15.75  320 336 368 416  175 191 192 222 doublescan +hsync -vsync (37.9 kHz d)
[  1600.695] (II) modeset(0): Output eDP-1 connected
[  1600.695] (II) modeset(0): Using exact sizes for initial modes
[  1600.695] (II) modeset(0): Output eDP-1 using initial mode 1920x1080 +0+0
[  1600.695] (==) modeset(0): Using gamma correction (1.0, 1.0, 1.0)
[  1600.695] (==) modeset(0): DPI set to (96, 96)
[  1600.695] (II) Loading sub module "fb"
[  1600.695] (II) LoadModule: "fb"
[  1600.695] (II) Module "fb" already built-in
[  1600.696] (==) modeset(G0): Depth 24, (==) framebuffer bpp 32
[  1600.696] (==) modeset(G0): RGB weight 888
[  1600.696] (==) modeset(G0): Default visual is TrueColor
[  1600.696] (II) Loading sub module "glamoregl"
[  1600.696] (II) LoadModule: "glamoregl"
[  1600.696] (II) Loading /usr/lib/xorg/modules/libglamoregl.so
[  1600.696] (II) Module glamoregl: vendor="X.Org Foundation"
[  1600.696] 	compiled for 1.21.1.8, module version = 1.0.1
[  1600.696] 	ABI class: X.Org ANSI C Emulation, version 0.4
[  1600.877] (II) modeset(G0): glamor X acceleration enabled on NV167
[  1600.877] (II) modeset(G0): glamor initialized
[  1600.878] (II) modeset(G0): Output HDMI-1-1 has no monitor section
[  1600.881] (II) modeset(G0): EDID for output HDMI-1-1
[  1600.881] (==) modeset(G0): Using gamma correction (1.0, 1.0, 1.0)
[  1600.881] (==) modeset(G0): DPI set to (96, 96)
[  1600.881] (II) Loading sub module "fb"
[  1600.881] (II) LoadModule: "fb"
[  1600.881] (II) Module "fb" already built-in
[  1600.926] (==) modeset(0): Backing store enabled
[  1600.926] (==) modeset(0): Silken mouse enabled
[  1600.926] (II) modeset(0): Initializing kms color map for depth 24, 8 bpc.
[  1600.926] (==) modeset(0): DPMS enabled
[  1600.926] (II) modeset(0): [DRI2] Setup complete
[  1600.926] (II) modeset(0): [DRI2]   DRI driver: radeonsi
[  1600.926] (II) modeset(0): [DRI2]   VDPAU driver: radeonsi
[  1600.944] (==) modeset(G0): Backing store enabled
[  1600.944] (==) modeset(G0): Silken mouse enabled
[  1600.944] (II) modeset(G0): Initializing kms color map for depth 24, 8 bpc.
[  1600.944] (==) modeset(G0): DPMS enabled
[  1600.945] (II) modeset(G0): [DRI2] Setup complete
[  1600.945] (II) modeset(G0): [DRI2]   DRI driver: nouveau
[  1600.945] (II) modeset(G0): [DRI2]   VDPAU driver: nouveau
[  1600.945] (II) Initializing extension Generic Event Extension
[  1600.945] (II) Initializing extension SHAPE
[  1600.945] (II) Initializing extension MIT-SHM
[  1600.945] (II) Initializing extension XInputExtension
[  1600.945] (II) Initializing extension XTEST
[  1600.945] (II) Initializing extension BIG-REQUESTS
[  1600.945] (II) Initializing extension SYNC
[  1600.945] (II) Initializing extension XKEYBOARD
[  1600.945] (II) Initializing extension XC-MISC
[  1600.945] (II) Initializing extension SECURITY
[  1600.945] (II) Initializing extension XFIXES
[  1600.945] (II) Initializing extension RENDER
[  1600.945] (II) Initializing extension RANDR
[  1600.946] (II) Initializing extension COMPOSITE
[  1600.946] (II) Initializing extension DAMAGE
[  1600.946] (II) Initializing extension MIT-SCREEN-SAVER
[  1600.946] (II) Initializing extension DOUBLE-BUFFER
[  1600.946] (II) Initializing extension RECORD
[  1600.946] (II) Initializing extension DPMS
[  1600.946] (II) Initializing extension Present
[  1600.946] (II) Initializing extension DRI3
[  1600.946] (II) Initializing extension X-Resource
[  1600.946] (II) Initializing extension XVideo
[  1600.946] (II) Initializing extension XVideo-MotionCompensation
[  1600.946] (II) Initializing extension GLX
[  1600.950] (II) AIGLX: Loaded and initialized radeonsi
[  1600.950] (II) GLX: Initialized DRI2 GL provider for screen 0
[  1600.950] (II) Initializing extension XFree86-VidModeExtension
[  1600.950] (II) Initializing extension XFree86-DGA
[  1600.950] (II) Initializing extension XFree86-DRI
[  1600.950] (II) Initializing extension DRI2
[  1600.950] (II) modeset(G0): Damage tracking initialized
[  1600.951] (II) modeset(0): Damage tracking initialized
[  1600.951] (II) modeset(0): Setting screen physical size to 508 x 285
[  1601.020] (II) config/udev: Adding input device Power Button (/dev/input/event2)
[  1601.020] (**) Power Button: Applying InputClass "libinput keyboard catchall"
[  1601.020] (II) LoadModule: "libinput"
[  1601.020] (II) Loading /usr/lib/xorg/modules/input/libinput_drv.so
[  1601.021] (II) Module libinput: vendor="X.Org Foundation"
[  1601.021] 	compiled for 1.21.1.8, module version = 1.4.0
[  1601.021] 	Module class: X.Org XInput Driver
[  1601.021] 	ABI class: X.Org XInput driver, version 24.4
[  1601.021] (II) Using input driver 'libinput' for 'Power Button'
[  1601.023] (II) systemd-logind: got fd for /dev/input/event2 13:66 fd 31 paused 0
[  1601.023] (**) Power Button: always reports core events
[  1601.023] (**) Option "Device" "/dev/input/event2"
[  1601.025] (II) event2  - Power Button: is tagged by udev as: Keyboard
[  1601.025] (II) event2  - Power Button: device is a keyboard
[  1601.025] (II) event2  - Power Button: device removed
[  1601.025] (**) Option "config_info" "udev:/sys/devices/LNXSYSTM:00/LNXPWRBN:00/input/input2/event2"
[  1601.025] (II) XINPUT: Adding extended input device "Power Button" (type: KEYBOARD, id 6)
[  1601.025] (II) event2  - Power Button: is tagged by udev as: Keyboard
[  1601.025] (II) event2  - Power Button: device is a keyboard
[  1601.026] (II) config/udev: Adding input device Video Bus (/dev/input/event3)
[  1601.026] (**) Video Bus: Applying InputClass "libinput keyboard catchall"
[  1601.026] (II) Using input driver 'libinput' for 'Video Bus'
[  1601.027] (II) systemd-logind: got fd for /dev/input/event3 13:67 fd 34 paused 0
[  1601.027] (**) Video Bus: always reports core events
[  1601.027] (**) Option "Device" "/dev/input/event3"
[  1601.030] (II) event3  - Video Bus: is tagged by udev as: Keyboard
[  1601.030] (II) event3  - Video Bus: device is a keyboard
[  1601.030] (II) event3  - Video Bus: device removed
[  1601.030] (**) Option "config_info" "udev:/sys/devices/LNXSYSTM:00/LNXSYBUS:00/PNP0A08:00/device:00/LNXVIDEO:00/input/input3/event3"
[  1601.030] (II) XINPUT: Adding extended input device "Video Bus" (type: KEYBOARD, id 7)
[  1601.033] (II) event3  - Video Bus: is tagged by udev as: Keyboard
[  1601.033] (II) event3  - Video Bus: device is a keyboard
[  1601.035] (II) config/udev: Adding input device Video Bus (/dev/input/event4)
[  1601.035] (**) Video Bus: Applying InputClass "libinput keyboard catchall"
[  1601.035] (II) Using input driver 'libinput' for 'Video Bus'
[  1601.037] (II) systemd-logind: got fd for /dev/input/event4 13:68 fd 35 paused 0
[  1601.037] (**) Video Bus: always reports core events
[  1601.037] (**) Option "Device" "/dev/input/event4"
[  1601.039] (II) event4  - Video Bus: is tagged by udev as: Keyboard
[  1601.039] (II) event4  - Video Bus: device is a keyboard
[  1601.040] (II) event4  - Video Bus: device removed
[  1601.040] (**) Option "config_info" "udev:/sys/devices/LNXSYSTM:00/LNXSYBUS:00/PNP0A08:00/device:0e/LNXVIDEO:01/input/input4/event4"
[  1601.040] (II) XINPUT: Adding extended input device "Video Bus" (type: KEYBOARD, id 8)
[  1601.042] (II) event4  - Video Bus: is tagged by udev as: Keyboard
[  1601.043] (II) event4  - Video Bus: device is a keyboard
[  1601.044] (II) config/udev: Adding input device Power Button (/dev/input/event1)
[  1601.044] (**) Power Button: Applying InputClass "libinput keyboard catchall"
[  1601.044] (II) Using input driver 'libinput' for 'Power Button'
[  1601.045] (II) systemd-logind: got fd for /dev/input/event1 13:65 fd 36 paused 0
[  1601.045] (**) Power Button: always reports core events
[  1601.045] (**) Option "Device" "/dev/input/event1"
[  1601.047] (II) event1  - Power Button: is tagged by udev as: Keyboard
[  1601.047] (II) event1  - Power Button: device is a keyboard
[  1601.047] (II) event1  - Power Button: device removed
[  1601.047] (**) Option "config_info" "udev:/sys/devices/LNXSYSTM:00/LNXSYBUS:00/PNP0C0C:00/input/input1/event1"
[  1601.047] (II) XINPUT: Adding extended input device "Power Button" (type: KEYBOARD, id 9)
[  1601.049] (II) event1  - Power Button: is tagged by udev as: Keyboard
[  1601.049] (II) event1  - Power Button: device is a keyboard
[  1601.051] (II) config/udev: Adding input device Lid Switch (/dev/input/event0)
[  1601.051] (II) No input driver specified, ignoring this device.
[  1601.051] (II) This device may have been added with another device file.
[  1601.052] (II) config/udev: Adding input device HDA NVidia HDMI/DP,pcm=3 (/dev/input/event8)
[  1601.052] (II) No input driver specified, ignoring this device.
[  1601.052] (II) This device may have been added with another device file.
[  1601.053] (II) config/udev: Adding input device HDA NVidia HDMI/DP,pcm=7 (/dev/input/event9)
[  1601.053] (II) No input driver specified, ignoring this device.
[  1601.053] (II) This device may have been added with another device file.
[  1601.054] (II) config/udev: Adding input device HDA NVidia HDMI/DP,pcm=8 (/dev/input/event11)
[  1601.054] (II) No input driver specified, ignoring this device.
[  1601.054] (II) This device may have been added with another device file.
[  1601.055] (II) config/udev: Adding input device HDA NVidia HDMI/DP,pcm=9 (/dev/input/event13)
[  1601.055] (II) No input driver specified, ignoring this device.
[  1601.055] (II) This device may have been added with another device file.
[  1601.058] (II) config/udev: Adding input device Lenovo Lenovo Gaming Mouse (/dev/input/event6)
[  1601.058] (**) Lenovo Lenovo Gaming Mouse: Applying InputClass "libinput pointer catchall"
[  1601.058] (II) Using input driver 'libinput' for 'Lenovo Lenovo Gaming Mouse'
[  1601.114] (II) systemd-logind: got fd for /dev/input/event6 13:70 fd 37 paused 0
[  1601.114] (**) Lenovo Lenovo Gaming Mouse: always reports core events
[  1601.114] (**) Option "Device" "/dev/input/event6"
[  1601.117] (II) event6  - Lenovo Lenovo Gaming Mouse: is tagged by udev as: Mouse
[  1601.117] (II) event6  - Lenovo Lenovo Gaming Mouse: device is a pointer
[  1601.118] (II) event6  - Lenovo Lenovo Gaming Mouse: device removed
[  1601.118] (II) libinput: Lenovo Lenovo Gaming Mouse: Step value 0 was provided, libinput Fallback acceleration function is used.
[  1601.118] (II) libinput: Lenovo Lenovo Gaming Mouse: Step value 0 was provided, libinput Fallback acceleration function is used.
[  1601.118] (II) libinput: Lenovo Lenovo Gaming Mouse: Step value 0 was provided, libinput Fallback acceleration function is used.
[  1601.118] (**) Option "config_info" "udev:/sys/devices/pci0000:00/0000:00:08.1/0000:05:00.4/usb3/3-2/3-2:1.0/0003:1A81:2232.001A/input/input42/event6"
[  1601.118] (II) XINPUT: Adding extended input device "Lenovo Lenovo Gaming Mouse" (type: MOUSE, id 10)
[  1601.118] (**) Option "AccelerationScheme" "none"
[  1601.118] (**) Lenovo Lenovo Gaming Mouse: (accel) selected scheme none/0
[  1601.118] (**) Lenovo Lenovo Gaming Mouse: (accel) acceleration factor: 2.000
[  1601.118] (**) Lenovo Lenovo Gaming Mouse: (accel) acceleration threshold: 4
[  1601.121] (II) event6  - Lenovo Lenovo Gaming Mouse: is tagged by udev as: Mouse
[  1601.121] (II) event6  - Lenovo Lenovo Gaming Mouse: device is a pointer
[  1601.124] (II) config/udev: Adding input device Lenovo Lenovo Gaming Mouse (/dev/input/mouse0)
[  1601.124] (II) No input driver specified, ignoring this device.
[  1601.124] (II) This device may have been added with another device file.
[  1601.125] (II) config/udev: Adding input device HD-Audio Generic Mic (/dev/input/event15)
[  1601.125] (II) No input driver specified, ignoring this device.
[  1601.125] (II) This device may have been added with another device file.
[  1601.126] (II) config/udev: Adding input device HD-Audio Generic Headphone (/dev/input/event16)
[  1601.126] (II) No input driver specified, ignoring this device.
[  1601.126] (II) This device may have been added with another device file.
[  1601.127] (II) config/udev: Adding input device Ideapad extra buttons (/dev/input/event10)
[  1601.127] (**) Ideapad extra buttons: Applying InputClass "libinput keyboard catchall"
[  1601.127] (II) Using input driver 'libinput' for 'Ideapad extra buttons'
[  1601.128] (II) systemd-logind: got fd for /dev/input/event10 13:74 fd 38 paused 0
[  1601.128] (**) Ideapad extra buttons: always reports core events
[  1601.128] (**) Option "Device" "/dev/input/event10"
[  1601.130] (II) event10 - Ideapad extra buttons: is tagged by udev as: Keyboard
[  1601.130] (II) event10 - Ideapad extra buttons: device is a keyboard
[  1601.131] (II) event10 - Ideapad extra buttons: device removed
[  1601.131] (**) Option "config_info" "udev:/sys/devices/pci0000:00/0000:00:14.3/PNP0C09:00/VPC2004:00/input/input10/event10"
[  1601.131] (II) XINPUT: Adding extended input device "Ideapad extra buttons" (type: KEYBOARD, id 11)
[  1601.133] (II) event10 - Ideapad extra buttons: is tagged by udev as: Keyboard
[  1601.133] (II) event10 - Ideapad extra buttons: device is a keyboard
[  1601.135] (II) config/udev: Adding input device MSFT0001:00 04F3:3140 Mouse (/dev/input/event12)
[  1601.135] (**) MSFT0001:00 04F3:3140 Mouse: Applying InputClass "libinput pointer catchall"
[  1601.135] (II) Using input driver 'libinput' for 'MSFT0001:00 04F3:3140 Mouse'
[  1601.136] (II) systemd-logind: got fd for /dev/input/event12 13:76 fd 39 paused 0
[  1601.136] (**) MSFT0001:00 04F3:3140 Mouse: always reports core events
[  1601.136] (**) Option "Device" "/dev/input/event12"
[  1601.139] (II) event12 - MSFT0001:00 04F3:3140 Mouse: is tagged by udev as: Mouse Pointingstick
[  1601.139] (II) event12 - MSFT0001:00 04F3:3140 Mouse: device is a pointer
[  1601.141] (II) event12 - MSFT0001:00 04F3:3140 Mouse: device removed
[  1601.141] (II) libinput: MSFT0001:00 04F3:3140 Mouse: Step value 0 was provided, libinput Fallback acceleration function is used.
[  1601.141] (II) libinput: MSFT0001:00 04F3:3140 Mouse: Step value 0 was provided, libinput Fallback acceleration function is used.
[  1601.141] (II) libinput: MSFT0001:00 04F3:3140 Mouse: Step value 0 was provided, libinput Fallback acceleration function is used.
[  1601.141] (**) Option "config_info" "udev:/sys/devices/platform/AMDI0010:03/i2c-0/i2c-MSFT0001:00/0018:04F3:3140.0002/input/input15/event12"
[  1601.141] (II) XINPUT: Adding extended input device "MSFT0001:00 04F3:3140 Mouse" (type: MOUSE, id 12)
[  1601.141] (**) Option "AccelerationScheme" "none"
[  1601.141] (**) MSFT0001:00 04F3:3140 Mouse: (accel) selected scheme none/0
[  1601.142] (**) MSFT0001:00 04F3:3140 Mouse: (accel) acceleration factor: 2.000
[  1601.142] (**) MSFT0001:00 04F3:3140 Mouse: (accel) acceleration threshold: 4
[  1601.144] (II) event12 - MSFT0001:00 04F3:3140 Mouse: is tagged by udev as: Mouse Pointingstick
[  1601.145] (II) event12 - MSFT0001:00 04F3:3140 Mouse: device is a pointer
[  1601.148] (II) config/udev: Adding input device MSFT0001:00 04F3:3140 Mouse (/dev/input/mouse1)
[  1601.148] (II) No input driver specified, ignoring this device.
[  1601.148] (II) This device may have been added with another device file.
[  1601.149] (II) config/udev: Adding input device MSFT0001:00 04F3:3140 Touchpad (/dev/input/event14)
[  1601.149] (**) MSFT0001:00 04F3:3140 Touchpad: Applying InputClass "libinput touchpad catchall"
[  1601.149] (II) Using input driver 'libinput' for 'MSFT0001:00 04F3:3140 Touchpad'
[  1601.150] (II) systemd-logind: got fd for /dev/input/event14 13:78 fd 40 paused 0
[  1601.150] (**) MSFT0001:00 04F3:3140 Touchpad: always reports core events
[  1601.150] (**) Option "Device" "/dev/input/event14"
[  1601.153] (II) event14 - MSFT0001:00 04F3:3140 Touchpad: is tagged by udev as: Touchpad
[  1601.157] (II) event14 - MSFT0001:00 04F3:3140 Touchpad: device is a touchpad
[  1601.157] (II) event14 - MSFT0001:00 04F3:3140 Touchpad: device removed
[  1601.158] (II) libinput: MSFT0001:00 04F3:3140 Touchpad: Step value 0 was provided, libinput Fallback acceleration function is used.
[  1601.158] (II) libinput: MSFT0001:00 04F3:3140 Touchpad: Step value 0 was provided, libinput Fallback acceleration function is used.
[  1601.158] (II) libinput: MSFT0001:00 04F3:3140 Touchpad: Step value 0 was provided, libinput Fallback acceleration function is used.
[  1601.158] (**) Option "config_info" "udev:/sys/devices/platform/AMDI0010:03/i2c-0/i2c-MSFT0001:00/0018:04F3:3140.0002/input/input16/event14"
[  1601.159] (II) XINPUT: Adding extended input device "MSFT0001:00 04F3:3140 Touchpad" (type: TOUCHPAD, id 13)
[  1601.162] (**) Option "AccelerationScheme" "none"
[  1601.162] (**) MSFT0001:00 04F3:3140 Touchpad: (accel) selected scheme none/0
[  1601.162] (**) MSFT0001:00 04F3:3140 Touchpad: (accel) acceleration factor: 2.000
[  1601.162] (**) MSFT0001:00 04F3:3140 Touchpad: (accel) acceleration threshold: 4
[  1601.165] (II) event14 - MSFT0001:00 04F3:3140 Touchpad: is tagged by udev as: Touchpad
[  1601.169] (II) event14 - MSFT0001:00 04F3:3140 Touchpad: device is a touchpad
[  1601.172] (II) config/udev: Adding input device MSFT0001:00 04F3:3140 Touchpad (/dev/input/mouse2)
[  1601.172] (II) No input driver specified, ignoring this device.
[  1601.172] (II) This device may have been added with another device file.
[  1601.173] (II) config/udev: Adding input device AT Translated Set 2 keyboard (/dev/input/event5)
[  1601.173] (**) AT Translated Set 2 keyboard: Applying InputClass "libinput keyboard catchall"
[  1601.173] (II) Using input driver 'libinput' for 'AT Translated Set 2 keyboard'
[  1601.174] (II) systemd-logind: got fd for /dev/input/event5 13:69 fd 41 paused 0
[  1601.174] (**) AT Translated Set 2 keyboard: always reports core events
[  1601.174] (**) Option "Device" "/dev/input/event5"
[  1601.177] (II) event5  - AT Translated Set 2 keyboard: is tagged by udev as: Keyboard
[  1601.177] (II) event5  - AT Translated Set 2 keyboard: device is a keyboard
[  1601.179] (II) event5  - AT Translated Set 2 keyboard: device removed
[  1601.179] (**) Option "config_info" "udev:/sys/devices/platform/i8042/serio0/input/input5/event5"
[  1601.179] (II) XINPUT: Adding extended input device "AT Translated Set 2 keyboard" (type: KEYBOARD, id 14)
[  1601.181] (II) event5  - AT Translated Set 2 keyboard: is tagged by udev as: Keyboard
[  1601.182] (II) event5  - AT Translated Set 2 keyboard: device is a keyboard
[  1601.185] (II) config/udev: Adding input device PC Speaker (/dev/input/event7)
[  1601.185] (II) No input driver specified, ignoring this device.
[  1601.185] (II) This device may have been added with another device file.
[  1601.353] (II) modeset(0): Disabling kernel dirty updates, not required.
[  1606.707] (**) Option "fd" "31"
[  1606.707] (II) event2  - Power Button: device removed
[  1606.707] (**) Option "fd" "34"
[  1606.707] (II) event3  - Video Bus: device removed
[  1606.707] (**) Option "fd" "35"
[  1606.707] (II) event4  - Video Bus: device removed
[  1606.707] (**) Option "fd" "36"
[  1606.707] (II) event1  - Power Button: device removed
[  1606.707] (**) Option "fd" "37"
[  1606.707] (II) event6  - Lenovo Lenovo Gaming Mouse: device removed
[  1606.707] (**) Option "fd" "38"
[  1606.707] (II) event10 - Ideapad extra buttons: device removed
[  1606.707] (**) Option "fd" "39"
[  1606.708] (II) event12 - MSFT0001:00 04F3:3140 Mouse: device removed
[  1606.708] (**) Option "fd" "40"
[  1606.708] (II) event14 - MSFT0001:00 04F3:3140 Touchpad: device removed
[  1606.708] (**) Option "fd" "41"
[  1606.708] (II) event5  - AT Translated Set 2 keyboard: device removed
[  1606.708] (II) UnloadModule: "libinput"
[  1606.709] (II) systemd-logind: releasing fd for 13:69
[  1606.709] (II) UnloadModule: "libinput"
[  1606.709] (II) systemd-logind: releasing fd for 13:78
[  1606.709] (II) UnloadModule: "libinput"
[  1606.710] (II) systemd-logind: releasing fd for 13:76
[  1606.710] (II) UnloadModule: "libinput"
[  1606.710] (II) systemd-logind: releasing fd for 13:74
[  1606.710] (II) UnloadModule: "libinput"
[  1606.710] (II) systemd-logind: releasing fd for 13:70
[  1606.711] (II) UnloadModule: "libinput"
[  1606.711] (II) systemd-logind: releasing fd for 13:65
[  1606.711] (II) UnloadModule: "libinput"
[  1606.711] (II) systemd-logind: releasing fd for 13:68
[  1606.712] (II) UnloadModule: "libinput"
[  1606.712] (II) systemd-logind: releasing fd for 13:67
[  1606.712] (II) UnloadModule: "libinput"
[  1606.712] (II) systemd-logind: releasing fd for 13:66
[  1608.515] (II) Server terminated successfully (0). Closing log file.
